#
# A fatal error has been detected by the Java Runtime Environment:
#
#  SIGSEGV (0xb) at pc=0x0000000102e462c8, pid=94606, tid=17155
#
# JRE version: Java(TM) SE Runtime Environment (8.0_72-b15) (build 1.8.0_72-b15)
# Java VM: Java HotSpot(TM) 64-Bit Server VM (25.72-b15 mixed mode bsd-amd64 compressed oops)
# Problematic frame:
# V  [libjvm.dylib+0x4462c8]
#
# Failed to write core dump. Core dumps have been disabled. To enable core dumping, try "ulimit -c unlimited" before starting Java again
#
# If you would like to submit a bug report, please visit:
#   http://bugreport.java.com/bugreport/crash.jsp
#

---------------  T H R E A D  ---------------

Current thread (0x00007f9581828800):  JavaThread "JDWP Transport Listener: dt_socket" daemon [_thread_in_vm, id=17155, stack(0x000070000273b000,0x0000700002f3b000)]

siginfo: si_signo: 11 (SIGSEGV), si_code: 0 (unknown), si_addr: 0x0000000000000000

Registers:
RAX=0x0000000000000001, RBX=0x0000700002f3aa8b, RCX=0x0000000103215340, RDX=0x0000700002f3aa8b
RSP=0x0000700002f3a9d0, RBP=0x0000700002f3a9e0, RSI=0x00007f9581828800, RDI=0x6e6f734a6f540073
R8 =0x0000000000000000, R9 =0x00007f9580e58ea0, R10=0x000000008ee2668c, R11=0x00007f9580e00000
R12=0x00007f9581828800, R13=0x6e6f734a6f540073, R14=0x6e6f734a6f540073, R15=0x00007f9580f01f60
RIP=0x0000000102e462c8, EFLAGS=0x0000000000010202, ERR=0x0000000000000000
  TRAPNO=0x000000000000000d

Top of Stack: (sp=0x0000700002f3a9d0)
0x0000700002f3a9d0:   0000700002f3aa8b 0000700002f3aa8b
0x0000700002f3a9e0:   0000700002f3aa40 0000000102d552fe
0x0000700002f3a9f0:   00007f9581828800 0000000000000000
0x0000700002f3aa00:   0000000000000000 0000000000000000
0x0000700002f3aa10:   00007f9581828800 00007f9581828800
0x0000700002f3aa20:   0000700002f3aa8b 0000700002f3aa90
0x0000700002f3aa30:   6e6f734a6f540073 000000000000000e
0x0000700002f3aa40:   0000700002f3aa60 000000010218b780
0x0000700002f3aa50:   0000000000000001 0000700002f3ab08
0x0000700002f3aa60:   0000700002f3aad0 00000001021701f3
0x0000700002f3aa70:   0000700002f3aaa0 00007f9580e131c0
0x0000700002f3aa80:   0000000f00000032 0000000800f3ab08
0x0000700002f3aa90:   0000000000000000 0000000000000000
0x0000700002f3aaa0:   0000000000000000 0000700002f3ac90
0x0000700002f3aab0:   0000000102192e7a 00007f9580f5b3b0
0x0000700002f3aac0:   0000700002f3ab08 000000010219e598
0x0000700002f3aad0:   0000700002f3aae0 00000001021702ec
0x0000700002f3aae0:   0000700002f3ad00 0000000102179898
0x0000700002f3aaf0:   0003cec500000013 00000000000f0200
0x0000700002f3ab00:   00007f9580f291f0 00007f958214de59
0x0000700002f3ab10:   00007f9500000457 00007f9580e48ed0
0x0000700002f3ab20:   000000000000012c 0000700002f3ab58
0x0000700002f3ab30:   00007f9580e41590 0000000000000000
0x0000700002f3ab40:   0003cec50000000f 00007fff00004c80
0x0000700002f3ab50:   0000700002f3ab58 957f00000f000000
0x0000700002f3ab60:   0f0000000071c480 686374614d746567
0x0000700002f3ab70:   0070756f72477265 76616a4c282e0000
0x0000700002f3ab80:   722f6c6974752f61 74614d2f78656765
0x0000700002f3ab90:   4c29493b72656863 6e616c2f6176616a
0x0000700002f3aba0:   676e697274532f67 000000000000003b
0x0000700002f3abb0:   8ad280957f00000a 6e693c06000000d8
0x0000700002f3abc0:   28170000003e7469 2f6176616a4c4949 

Instructions: (pc=0x0000000102e462c8)
0x0000000102e462a8:   40 48 48 85 c0 75 e0 30 c0 0f b6 c0 5d c3 31 c0
0x0000000102e462b8:   5d c3 55 48 89 e5 53 48 83 ec 08 48 85 ff 74 24
0x0000000102e462c8:   48 8b 1f 48 85 db 74 1c 48 83 fb 37 74 16 48 8b
0x0000000102e462d8:   03 48 89 df ff 50 10 84 c0 b8 00 00 00 00 48 0f 

Register to memory mapping:

RAX=0x0000000000000001 is an unknown value
RBX=0x0000700002f3aa8b is pointing into the stack for thread: 0x00007f9581828800
RCX=0x0000000103215340: UseMembar+0 in /Library/Java/JavaVirtualMachines/jdk1.8.0_72.jdk/Contents/Home/jre/lib/server/libjvm.dylib at 0x0000000102a00000
RDX=0x0000700002f3aa8b is pointing into the stack for thread: 0x00007f9581828800
RSP=0x0000700002f3a9d0 is pointing into the stack for thread: 0x00007f9581828800
RBP=0x0000700002f3a9e0 is pointing into the stack for thread: 0x00007f9581828800
RSI=0x00007f9581828800 is a thread
RDI=0x6e6f734a6f540073 is an unknown value
R8 =0x0000000000000000 is an unknown value
R9 =0x00007f9580e58ea0 is an unknown value
R10=0x000000008ee2668c is an unknown value
R11=0x00007f9580e00000 is an unknown value
R12=0x00007f9581828800 is a thread
R13=0x6e6f734a6f540073 is an unknown value
R14=0x6e6f734a6f540073 is an unknown value
R15=0x00007f9580f01f60 is an unknown value


Stack: [0x000070000273b000,0x0000700002f3b000],  sp=0x0000700002f3a9d0,  free space=8190k
Native frames: (J=compiled Java code, j=interpreted, Vv=VM code, C=native code)
V  [libjvm.dylib+0x4462c8]
V  [libjvm.dylib+0x3552fe]
C  [libjdwp.dylib+0x20780]  isMethodSynthetic+0x63
C  [libjdwp.dylib+0x51f3]  methods1+0x10b
C  [libjdwp.dylib+0x52ec]  methodsWithGeneric+0xe
C  [libjdwp.dylib+0xe898]  debugLoop_run+0x1ce
C  [libjdwp.dylib+0x1f6ba]  attachThread+0x4d
V  [libjvm.dylib+0x39665c]
V  [libjvm.dylib+0x560e03]
V  [libjvm.dylib+0x5624fe]
V  [libjvm.dylib+0x482eda]
C  [libsystem_pthread.dylib+0x39b1]  _pthread_body+0x83
C  [libsystem_pthread.dylib+0x392e]  _pthread_body+0x0
C  [libsystem_pthread.dylib+0x1385]  thread_start+0xd
C  0x0000000000000000


---------------  P R O C E S S  ---------------

Java Threads: ( => current thread )
  0x00007f9581030800 JavaThread "Service Thread" daemon [_thread_blocked, id=20227, stack(0x000070000424d000,0x0000700004a4d000)]
  0x00007f9581030000 JavaThread "C1 CompilerThread2" daemon [_thread_blocked, id=19715, stack(0x000070000414a000,0x000070000424a000)]
  0x00007f958102f000 JavaThread "C2 CompilerThread1" daemon [_thread_blocked, id=19203, stack(0x0000700004047000,0x0000700004147000)]
  0x00007f958202c800 JavaThread "C2 CompilerThread0" daemon [_thread_blocked, id=18691, stack(0x0000700003f44000,0x0000700004044000)]
  0x00007f958285f000 JavaThread "JDWP Command Reader" daemon [_thread_in_native, id=18179, stack(0x0000700003741000,0x0000700003f41000)]
  0x00007f9582854800 JavaThread "JDWP Event Helper Thread" daemon [_thread_blocked, id=17667, stack(0x0000700002f3e000,0x000070000373e000)]
=>0x00007f9581828800 JavaThread "JDWP Transport Listener: dt_socket" daemon [_thread_in_vm, id=17155, stack(0x000070000273b000,0x0000700002f3b000)]
  0x00007f958284e000 JavaThread "Signal Dispatcher" daemon [_thread_blocked, id=12815, stack(0x0000700001f38000,0x0000700002738000)]
  0x00007f9581815800 JavaThread "Finalizer" daemon [_thread_blocked, id=12291, stack(0x000070000162f000,0x0000700001e2f000)]
  0x00007f9581812800 JavaThread "Reference Handler" daemon [_thread_blocked, id=11779, stack(0x0000700000e2c000,0x000070000162c000)]
  0x00007f9581808000 JavaThread "main" [_thread_blocked, id=5891, stack(0x000070000011a000,0x000070000091a000)]

Other Threads:
  0x00007f958201a800 VMThread [stack: 0x0000700000d29000,0x0000700000e29000] [id=11267]
  0x00007f9582853800 WatcherThread [stack: 0x0000700004a50000,0x0000700004b50000] [id=20739]

VM state:not at safepoint (normal execution)

VM Mutex/Monitor currently owned by a thread: None

Heap:
 PSYoungGen      total 76288K, used 18369K [0x000000076ab00000, 0x0000000770000000, 0x00000007c0000000)
  eden space 65536K, 28% used [0x000000076ab00000,0x000000076bcf0510,0x000000076eb00000)
  from space 10752K, 0% used [0x000000076f580000,0x000000076f580000,0x0000000770000000)
  to   space 10752K, 0% used [0x000000076eb00000,0x000000076eb00000,0x000000076f580000)
 ParOldGen       total 175104K, used 0K [0x00000006c0000000, 0x00000006cab00000, 0x000000076ab00000)
  object space 175104K, 0% used [0x00000006c0000000,0x00000006c0000000,0x00000006cab00000)
 Metaspace       used 8225K, capacity 8420K, committed 8704K, reserved 1056768K
  class space    used 930K, capacity 992K, committed 1024K, reserved 1048576K

Card table byte_map: [0x0000000112d4f000,0x0000000113550000] byte_map_base: 0x000000010f74f000

Marking Bits: (ParMarkBitMap*) 0x00000001032e3ea0
 Begin Bits: [0x0000000113aa6000, 0x0000000117aa6000)
 End Bits:   [0x0000000117aa6000, 0x000000011baa6000)

Polling page: 0x000000010216a000

CodeCache: size=245760Kb used=2641Kb max_used=2641Kb free=243118Kb
 bounds [0x000000010398f000, 0x0000000103c2f000, 0x000000011298f000]
 total_blobs=925 nmethods=622 adapters=225
 compilation: enabled

Compilation events (10 events):
Event: 16.959 Thread 0x00007f9581030000  618       1       java.util.stream.MatchOps$MatchKind::access$000 (5 bytes)
Event: 16.959 Thread 0x00007f9581030000 nmethod 618 0x0000000103c21e90 code [0x0000000103c21fe0, 0x0000000103c220d0]
Event: 18.211 Thread 0x00007f9581030000  619       3       java.lang.CharSequence$1CharIterator::hasNext (22 bytes)
Event: 18.211 Thread 0x00007f9581030000 nmethod 619 0x0000000103c22150 code [0x0000000103c222c0, 0x0000000103c22548]
Event: 20.775 Thread 0x00007f9581030000  620       3       java.util.ArrayList$Itr::next (66 bytes)
Event: 20.775 Thread 0x00007f9581030000 nmethod 620 0x0000000103c22610 code [0x0000000103c227e0, 0x0000000103c22cc8]
Event: 23.790 Thread 0x00007f9581030000  621       3       java.lang.Integer::stringSize (21 bytes)
Event: 23.790 Thread 0x00007f9581030000 nmethod 621 0x0000000103c22fd0 code [0x0000000103c23140, 0x0000000103c23350]
Event: 23.790 Thread 0x00007f9581030000  622       3       java.lang.Integer::getChars (131 bytes)
Event: 23.791 Thread 0x00007f9581030000 nmethod 622 0x0000000103c23490 code [0x0000000103c23640, 0x0000000103c23ad0]

GC Heap History (0 events):
No events

Deoptimization events (2 events):
Event: 1.189 Thread 0x00007f9581808000 Uncommon trap: reason=unstable_if action=reinterpret pc=0x0000000103b10954 method=java.lang.String.indexOf([CII[CIII)I @ 134
Event: 1.303 Thread 0x00007f9581808000 Uncommon trap: reason=unstable_if action=reinterpret pc=0x0000000103b4f1b8 method=java.lang.String.replace(CC)Ljava/lang/String; @ 26

Internal exceptions (10 events):
Event: 0.264 Thread 0x00007f9581808000 Exception <a 'java/security/PrivilegedActionException'> (0x000000076abe83a8) thrown at [/Users/java_re/workspace/8-2-build-macosx-x86_64/jdk8u72/5732/hotspot/src/share/vm/prims/jvm.cpp, line 1386]
Event: 0.863 Thread 0x00007f9581808000 Exception <a 'java/security/PrivilegedActionException'> (0x000000076af80740) thrown at [/Users/java_re/workspace/8-2-build-macosx-x86_64/jdk8u72/5732/hotspot/src/share/vm/prims/jvm.cpp, line 1386]
Event: 0.863 Thread 0x00007f9581808000 Exception <a 'java/security/PrivilegedActionException'> (0x000000076af80950) thrown at [/Users/java_re/workspace/8-2-build-macosx-x86_64/jdk8u72/5732/hotspot/src/share/vm/prims/jvm.cpp, line 1386]
Event: 0.864 Thread 0x00007f9581808000 Exception <a 'java/security/PrivilegedActionException'> (0x000000076af83bf0) thrown at [/Users/java_re/workspace/8-2-build-macosx-x86_64/jdk8u72/5732/hotspot/src/share/vm/prims/jvm.cpp, line 1386]
Event: 0.864 Thread 0x00007f9581808000 Exception <a 'java/security/PrivilegedActionException'> (0x000000076af83e00) thrown at [/Users/java_re/workspace/8-2-build-macosx-x86_64/jdk8u72/5732/hotspot/src/share/vm/prims/jvm.cpp, line 1386]
Event: 1.119 Thread 0x00007f9581808000 Exception <a 'java/lang/ArrayIndexOutOfBoundsException'> (0x000000076b34a990) thrown at [/Users/java_re/workspace/8-2-build-macosx-x86_64/jdk8u72/5732/hotspot/src/share/vm/runtime/sharedRuntime.cpp, line 605]
Event: 1.120 Thread 0x00007f9581808000 Exception <a 'java/lang/ArrayIndexOutOfBoundsException'> (0x000000076b34b898) thrown at [/Users/java_re/workspace/8-2-build-macosx-x86_64/jdk8u72/5732/hotspot/src/share/vm/runtime/sharedRuntime.cpp, line 605]
Event: 5.287 Thread 0x00007f9581808000 Exception <a 'java/lang/NoSuchMethodError': java.lang.Object.lambda$chars$0()Ljava/util/Spliterator$OfInt;> (0x000000076baae0d0) thrown at [/Users/java_re/workspace/8-2-build-macosx-x86_64/jdk8u72/5732/hotspot/src/share/vm/interpreter/linkResolver.cpp, li
Event: 5.323 Thread 0x00007f9581808000 Exception <a 'java/lang/NoSuchFieldError': method resolution failed> (0x000000076bb23530) thrown at [/Users/java_re/workspace/8-2-build-macosx-x86_64/jdk8u72/5732/hotspot/src/share/vm/prims/methodHandles.cpp, line 1146]
Event: 5.328 Thread 0x00007f9581808000 Exception <a 'java/lang/NoSuchFieldError': method resolution failed> (0x000000076bb30c20) thrown at [/Users/java_re/workspace/8-2-build-macosx-x86_64/jdk8u72/5732/hotspot/src/share/vm/prims/methodHandles.cpp, line 1146]

Events (10 events):
Event: 213.234 Executing VM operation: ChangeBreakpoints
Event: 213.234 Executing VM operation: ChangeBreakpoints done
Event: 213.235 Executing VM operation: ChangeBreakpoints
Event: 213.235 Executing VM operation: ChangeBreakpoints done
Event: 213.236 Executing VM operation: ChangeBreakpoints
Event: 213.236 Executing VM operation: ChangeBreakpoints done
Event: 213.249 Executing VM operation: RedefineClasses
Event: 213.259 Executing VM operation: RedefineClasses done
Event: 213.294 Executing VM operation: ChangeBreakpoints
Event: 213.294 Executing VM operation: ChangeBreakpoints done


Dynamic libraries:
0x00000000095fe000 	/System/Library/Frameworks/Cocoa.framework/Versions/A/Cocoa
0x00000000095fe000 	/System/Library/Frameworks/Security.framework/Versions/A/Security
0x00000000095fe000 	/System/Library/Frameworks/ApplicationServices.framework/Versions/A/ApplicationServices
0x00000000095fe000 	/usr/lib/libz.1.dylib
0x00000000095fe000 	/usr/lib/libSystem.B.dylib
0x00000000095fe000 	/usr/lib/libobjc.A.dylib
0x00000000095fe000 	/System/Library/Frameworks/CoreFoundation.framework/Versions/A/CoreFoundation
0x00000000095fe000 	/System/Library/Frameworks/Foundation.framework/Versions/C/Foundation
0x00000000095fe000 	/System/Library/Frameworks/AppKit.framework/Versions/C/AppKit
0x00000000095fe000 	/System/Library/Frameworks/CoreData.framework/Versions/A/CoreData
0x00000000095fe000 	/System/Library/PrivateFrameworks/RemoteViewServices.framework/Versions/A/RemoteViewServices
0x00000000095fe000 	/System/Library/PrivateFrameworks/UIFoundation.framework/Versions/A/UIFoundation
0x00000000095fe000 	/usr/lib/libScreenReader.dylib
0x00000000095fe000 	/System/Library/Frameworks/Accelerate.framework/Versions/A/Accelerate
0x00000000095fe000 	/System/Library/Frameworks/IOSurface.framework/Versions/A/IOSurface
0x00000000095fe000 	/System/Library/Frameworks/AudioToolbox.framework/Versions/A/AudioToolbox
0x00000000095fe000 	/System/Library/Frameworks/AudioUnit.framework/Versions/A/AudioUnit
0x00000000095fe000 	/System/Library/PrivateFrameworks/DataDetectorsCore.framework/Versions/A/DataDetectorsCore
0x00000000095fe000 	/System/Library/PrivateFrameworks/DesktopServicesPriv.framework/Versions/A/DesktopServicesPriv
0x00000000095fe000 	/System/Library/Frameworks/Carbon.framework/Versions/A/Frameworks/HIToolbox.framework/Versions/A/HIToolbox
0x00000000095fe000 	/System/Library/Frameworks/QuartzCore.framework/Versions/A/QuartzCore
0x00000000095fe000 	/System/Library/Frameworks/Carbon.framework/Versions/A/Frameworks/SpeechRecognition.framework/Versions/A/SpeechRecognition
0x00000000095fe000 	/usr/lib/libauto.dylib
0x00000000095fe000 	/usr/lib/libicucore.A.dylib
0x00000000095fe000 	/usr/lib/libxml2.2.dylib
0x00000000095fe000 	/System/Library/PrivateFrameworks/CoreUI.framework/Versions/A/CoreUI
0x00000000095fe000 	/System/Library/Frameworks/CoreAudio.framework/Versions/A/CoreAudio
0x00000000095fe000 	/System/Library/Frameworks/DiskArbitration.framework/Versions/A/DiskArbitration
0x00000000095fe000 	/usr/lib/liblangid.dylib
0x00000000095fe000 	/System/Library/PrivateFrameworks/MultitouchSupport.framework/Versions/A/MultitouchSupport
0x00000000095fe000 	/System/Library/Frameworks/IOKit.framework/Versions/A/IOKit
0x00000000095fe000 	/usr/lib/libDiagnosticMessagesClient.dylib
0x00000000095fe000 	/System/Library/Frameworks/CoreServices.framework/Versions/A/CoreServices
0x00000000095fe000 	/System/Library/PrivateFrameworks/PerformanceAnalysis.framework/Versions/A/PerformanceAnalysis
0x00000000095fe000 	/System/Library/PrivateFrameworks/GenerationalStorage.framework/Versions/A/GenerationalStorage
0x00000000095fe000 	/System/Library/Frameworks/OpenGL.framework/Versions/A/OpenGL
0x00000000095fe000 	/System/Library/PrivateFrameworks/Sharing.framework/Versions/A/Sharing
0x00000000095fe000 	/System/Library/Frameworks/CoreGraphics.framework/Versions/A/CoreGraphics
0x00000000095fe000 	/System/Library/Frameworks/CoreImage.framework/Versions/A/CoreImage
0x00000000095fe000 	/System/Library/Frameworks/CoreText.framework/Versions/A/CoreText
0x00000000095fe000 	/System/Library/Frameworks/ImageIO.framework/Versions/A/ImageIO
0x00000000095fe000 	/System/Library/PrivateFrameworks/Backup.framework/Versions/A/Backup
0x00000000095fe000 	/usr/lib/libextension.dylib
0x00000000095fe000 	/usr/lib/libarchive.2.dylib
0x00000000095fe000 	/System/Library/Frameworks/CFNetwork.framework/Versions/A/CFNetwork
0x00000000095fe000 	/System/Library/Frameworks/SystemConfiguration.framework/Versions/A/SystemConfiguration
0x00000000095fe000 	/usr/lib/libCRFSuite.dylib
0x00000000095fe000 	/usr/lib/libc++.1.dylib
0x00000000095fe000 	/usr/lib/libc++abi.dylib
0x00000000095fe000 	/usr/lib/system/libcache.dylib
0x00000000095fe000 	/usr/lib/system/libcommonCrypto.dylib
0x00000000095fe000 	/usr/lib/system/libcompiler_rt.dylib
0x00000000095fe000 	/usr/lib/system/libcopyfile.dylib
0x00000000095fe000 	/usr/lib/system/libcorecrypto.dylib
0x00000000095fe000 	/usr/lib/system/libdispatch.dylib
0x00000000095fe000 	/usr/lib/system/libdyld.dylib
0x00000000095fe000 	/usr/lib/system/libkeymgr.dylib
0x00000000095fe000 	/usr/lib/system/liblaunch.dylib
0x00000000095fe000 	/usr/lib/system/libmacho.dylib
0x00000000095fe000 	/usr/lib/system/libquarantine.dylib
0x00000000095fe000 	/usr/lib/system/libremovefile.dylib
0x00000000095fe000 	/usr/lib/system/libsystem_asl.dylib
0x00000000095fe000 	/usr/lib/system/libsystem_blocks.dylib
0x00000000095fe000 	/usr/lib/system/libsystem_c.dylib
0x00000000095fe000 	/usr/lib/system/libsystem_configuration.dylib
0x00000000095fe000 	/usr/lib/system/libsystem_coreservices.dylib
0x00000000095fe000 	/usr/lib/system/libsystem_coretls.dylib
0x00000000095fe000 	/usr/lib/system/libsystem_dnssd.dylib
0x00000000095fe000 	/usr/lib/system/libsystem_info.dylib
0x00000000095fe000 	/usr/lib/system/libsystem_kernel.dylib
0x00000000095fe000 	/usr/lib/system/libsystem_m.dylib
0x00000000095fe000 	/usr/lib/system/libsystem_malloc.dylib
0x00000000095fe000 	/usr/lib/system/libsystem_network.dylib
0x00000000095fe000 	/usr/lib/system/libsystem_networkextension.dylib
0x00000000095fe000 	/usr/lib/system/libsystem_notify.dylib
0x00000000095fe000 	/usr/lib/system/libsystem_platform.dylib
0x00000000095fe000 	/usr/lib/system/libsystem_pthread.dylib
0x00000000095fe000 	/usr/lib/system/libsystem_sandbox.dylib
0x00000000095fe000 	/usr/lib/system/libsystem_secinit.dylib
0x00000000095fe000 	/usr/lib/system/libsystem_trace.dylib
0x00000000095fe000 	/usr/lib/system/libunc.dylib
0x00000000095fe000 	/usr/lib/system/libunwind.dylib
0x00000000095fe000 	/usr/lib/system/libxpc.dylib
0x00000000095fe000 	/usr/lib/libenergytrace.dylib
0x00000000095fe000 	/usr/lib/libbsm.0.dylib
0x00000000095fe000 	/usr/lib/system/libkxld.dylib
0x00000000095fe000 	/usr/lib/libxar.1.dylib
0x00000000095fe000 	/usr/lib/libsqlite3.dylib
0x00000000095fe000 	/usr/lib/libpam.2.dylib
0x00000000095fe000 	/usr/lib/libOpenScriptingUtil.dylib
0x00000000095fe000 	/usr/lib/libbz2.1.0.dylib
0x00000000095fe000 	/usr/lib/liblzma.5.dylib
0x00000000095fe000 	/System/Library/Frameworks/CoreServices.framework/Versions/A/Frameworks/FSEvents.framework/Versions/A/FSEvents
0x00000000095fe000 	/System/Library/Frameworks/CoreServices.framework/Versions/A/Frameworks/CarbonCore.framework/Versions/A/CarbonCore
0x00000000095fe000 	/System/Library/Frameworks/CoreServices.framework/Versions/A/Frameworks/Metadata.framework/Versions/A/Metadata
0x00000000095fe000 	/System/Library/Frameworks/CoreServices.framework/Versions/A/Frameworks/OSServices.framework/Versions/A/OSServices
0x00000000095fe000 	/System/Library/Frameworks/CoreServices.framework/Versions/A/Frameworks/SearchKit.framework/Versions/A/SearchKit
0x00000000095fe000 	/System/Library/Frameworks/CoreServices.framework/Versions/A/Frameworks/AE.framework/Versions/A/AE
0x00000000095fe000 	/System/Library/Frameworks/CoreServices.framework/Versions/A/Frameworks/LaunchServices.framework/Versions/A/LaunchServices
0x00000000095fe000 	/System/Library/Frameworks/CoreServices.framework/Versions/A/Frameworks/DictionaryServices.framework/Versions/A/DictionaryServices
0x00000000095fe000 	/System/Library/Frameworks/CoreServices.framework/Versions/A/Frameworks/SharedFileList.framework/Versions/A/SharedFileList
0x00000000095fe000 	/System/Library/Frameworks/NetFS.framework/Versions/A/NetFS
0x00000000095fe000 	/System/Library/PrivateFrameworks/NetAuth.framework/Versions/A/NetAuth
0x00000000095fe000 	/System/Library/PrivateFrameworks/login.framework/Versions/A/Frameworks/loginsupport.framework/Versions/A/loginsupport
0x00000000095fe000 	/System/Library/PrivateFrameworks/TCC.framework/Versions/A/TCC
0x00000000095fe000 	/usr/lib/libmecabra.dylib
0x00000000095fe000 	/System/Library/Frameworks/ApplicationServices.framework/Versions/A/Frameworks/ATS.framework/Versions/A/ATS
0x00000000095fe000 	/System/Library/Frameworks/ApplicationServices.framework/Versions/A/Frameworks/ColorSync.framework/Versions/A/ColorSync
0x00000000095fe000 	/System/Library/Frameworks/ApplicationServices.framework/Versions/A/Frameworks/HIServices.framework/Versions/A/HIServices
0x00000000095fe000 	/System/Library/Frameworks/ApplicationServices.framework/Versions/A/Frameworks/LangAnalysis.framework/Versions/A/LangAnalysis
0x00000000095fe000 	/System/Library/Frameworks/ApplicationServices.framework/Versions/A/Frameworks/PrintCore.framework/Versions/A/PrintCore
0x00000000095fe000 	/System/Library/Frameworks/ApplicationServices.framework/Versions/A/Frameworks/QD.framework/Versions/A/QD
0x00000000095fe000 	/System/Library/Frameworks/ApplicationServices.framework/Versions/A/Frameworks/SpeechSynthesis.framework/Versions/A/SpeechSynthesis
0x00000000095fe000 	/System/Library/Frameworks/Metal.framework/Versions/A/Metal
0x00000000095fe000 	/System/Library/Frameworks/Accelerate.framework/Versions/A/Frameworks/vImage.framework/Versions/A/vImage
0x00000000095fe000 	/System/Library/Frameworks/Accelerate.framework/Versions/A/Frameworks/vecLib.framework/Versions/A/vecLib
0x00000000095fe000 	/System/Library/Frameworks/Accelerate.framework/Versions/A/Frameworks/vecLib.framework/Versions/A/libvDSP.dylib
0x00000000095fe000 	/System/Library/Frameworks/Accelerate.framework/Versions/A/Frameworks/vecLib.framework/Versions/A/libvMisc.dylib
0x00000000095fe000 	/System/Library/Frameworks/Accelerate.framework/Versions/A/Frameworks/vecLib.framework/Versions/A/libLAPACK.dylib
0x00000000095fe000 	/System/Library/Frameworks/Accelerate.framework/Versions/A/Frameworks/vecLib.framework/Versions/A/libBLAS.dylib
0x00000000095fe000 	/System/Library/Frameworks/Accelerate.framework/Versions/A/Frameworks/vecLib.framework/Versions/A/libLinearAlgebra.dylib
0x00000000095fe000 	/System/Library/Frameworks/Accelerate.framework/Versions/A/Frameworks/vecLib.framework/Versions/A/libSparseBLAS.dylib
0x00000000095fe000 	/System/Library/PrivateFrameworks/GPUCompiler.framework/libmetal_timestamp.dylib
0x00000000095fe000 	/System/Library/Frameworks/OpenGL.framework/Versions/A/Libraries/libCoreFSCache.dylib
0x00000000095fe000 	/System/Library/PrivateFrameworks/IOAccelerator.framework/Versions/A/IOAccelerator
0x00000000095fe000 	/System/Library/Frameworks/ApplicationServices.framework/Versions/A/Frameworks/ATS.framework/Versions/A/Resources/libFontParser.dylib
0x00000000095fe000 	/System/Library/Frameworks/ApplicationServices.framework/Versions/A/Frameworks/ATS.framework/Versions/A/Resources/libFontRegistry.dylib
0x00000000095fe000 	/System/Library/PrivateFrameworks/AppleVPA.framework/Versions/A/AppleVPA
0x00000000095fe000 	/System/Library/PrivateFrameworks/AppleJPEG.framework/Versions/A/AppleJPEG
0x00000000095fe000 	/System/Library/Frameworks/ImageIO.framework/Versions/A/Resources/libJPEG.dylib
0x00000000095fe000 	/System/Library/Frameworks/ImageIO.framework/Versions/A/Resources/libTIFF.dylib
0x00000000095fe000 	/System/Library/Frameworks/ImageIO.framework/Versions/A/Resources/libPng.dylib
0x00000000095fe000 	/System/Library/Frameworks/ImageIO.framework/Versions/A/Resources/libGIF.dylib
0x00000000095fe000 	/System/Library/Frameworks/ImageIO.framework/Versions/A/Resources/libJP2.dylib
0x00000000095fe000 	/System/Library/Frameworks/ImageIO.framework/Versions/A/Resources/libRadiance.dylib
0x00000000095fe000 	/System/Library/Frameworks/CoreVideo.framework/Versions/A/CoreVideo
0x00000000095fe000 	/System/Library/Frameworks/OpenGL.framework/Versions/A/Libraries/libGLU.dylib
0x00000000095fe000 	/System/Library/Frameworks/OpenGL.framework/Versions/A/Libraries/libGFXShared.dylib
0x00000000095fe000 	/System/Library/Frameworks/OpenGL.framework/Versions/A/Libraries/libGL.dylib
0x00000000095fe000 	/System/Library/Frameworks/OpenGL.framework/Versions/A/Libraries/libGLImage.dylib
0x00000000095fe000 	/System/Library/Frameworks/OpenGL.framework/Versions/A/Libraries/libCVMSPluginSupport.dylib
0x00000000095fe000 	/System/Library/Frameworks/OpenGL.framework/Versions/A/Libraries/libCoreVMClient.dylib
0x00000000095fe000 	/usr/lib/libcups.2.dylib
0x00000000095fe000 	/System/Library/Frameworks/Kerberos.framework/Versions/A/Kerberos
0x00000000095fe000 	/System/Library/Frameworks/GSS.framework/Versions/A/GSS
0x00000000095fe000 	/usr/lib/libresolv.9.dylib
0x00000000095fe000 	/usr/lib/libiconv.2.dylib
0x00000000095fe000 	/System/Library/PrivateFrameworks/Heimdal.framework/Versions/A/Heimdal
0x00000000095fe000 	/usr/lib/libheimdal-asn1.dylib
0x00000000095fe000 	/System/Library/Frameworks/OpenDirectory.framework/Versions/A/OpenDirectory
0x00000000095fe000 	/System/Library/PrivateFrameworks/CommonAuth.framework/Versions/A/CommonAuth
0x00000000095fe000 	/System/Library/Frameworks/OpenDirectory.framework/Versions/A/Frameworks/CFOpenDirectory.framework/Versions/A/CFOpenDirectory
0x00000000095fe000 	/System/Library/Frameworks/SecurityFoundation.framework/Versions/A/SecurityFoundation
0x00000000095fe000 	/System/Library/PrivateFrameworks/LanguageModeling.framework/Versions/A/LanguageModeling
0x00000000095fe000 	/usr/lib/libmarisa.dylib
0x00000000095fe000 	/usr/lib/libChineseTokenizer.dylib
0x00000000095fe000 	/usr/lib/libcmph.dylib
0x00000000095fe000 	/usr/lib/libcompression.dylib
0x00000000095fe000 	/System/Library/Frameworks/ServiceManagement.framework/Versions/A/ServiceManagement
0x00000000095fe000 	/usr/lib/libxslt.1.dylib
0x00000000095fe000 	/System/Library/Frameworks/Carbon.framework/Versions/A/Frameworks/Ink.framework/Versions/A/Ink
0x00000000095fe000 	/usr/lib/libFosl_dynamic.dylib
0x00000000095fe000 	/System/Library/PrivateFrameworks/FaceCore.framework/Versions/A/FaceCore
0x00000000095fe000 	/System/Library/Frameworks/OpenCL.framework/Versions/A/OpenCL
0x00000000095fe000 	/System/Library/PrivateFrameworks/CrashReporterSupport.framework/Versions/A/CrashReporterSupport
0x00000000095fe000 	/System/Library/PrivateFrameworks/IconServices.framework/Versions/A/IconServices
0x00000000095fe000 	/System/Library/PrivateFrameworks/Apple80211.framework/Versions/A/Apple80211
0x00000000095fe000 	/System/Library/Frameworks/CoreWLAN.framework/Versions/A/CoreWLAN
0x00000000095fe000 	/System/Library/Frameworks/IOBluetooth.framework/Versions/A/IOBluetooth
0x00000000095fe000 	/System/Library/PrivateFrameworks/CoreWiFi.framework/Versions/A/CoreWiFi
0x00000000095fe000 	/System/Library/Frameworks/CoreBluetooth.framework/Versions/A/CoreBluetooth
0x00000000095fe000 	/System/Library/PrivateFrameworks/ChunkingLibrary.framework/Versions/A/ChunkingLibrary
0x00000000095fe000 	/System/Library/PrivateFrameworks/DebugSymbols.framework/Versions/A/DebugSymbols
0x00000000095fe000 	/System/Library/PrivateFrameworks/CoreSymbolication.framework/Versions/A/CoreSymbolication
0x00000000095fe000 	/System/Library/PrivateFrameworks/Symbolication.framework/Versions/A/Symbolication
0x00000000095fe000 	/System/Library/PrivateFrameworks/SpeechRecognitionCore.framework/Versions/A/SpeechRecognitionCore
0x0000000102a00000 	/Library/Java/JavaVirtualMachines/jdk1.8.0_72.jdk/Contents/Home/jre/lib/server/libjvm.dylib
0x00000000095fe000 	/usr/lib/libstdc++.6.dylib
0x0000000102127000 	/Library/Java/JavaVirtualMachines/jdk1.8.0_72.jdk/Contents/Home/jre/lib/libverify.dylib
0x0000000102135000 	/Library/Java/JavaVirtualMachines/jdk1.8.0_72.jdk/Contents/Home/jre/lib/libjava.dylib
0x000000010216b000 	/Library/Java/JavaVirtualMachines/jdk1.8.0_72.jdk/Contents/Home/jre/lib/libjdwp.dylib
0x00000001021b6000 	/Library/Java/JavaVirtualMachines/jdk1.8.0_72.jdk/Contents/Home/jre/lib/libnpt.dylib
0x00000001021c3000 	/Library/Java/JavaVirtualMachines/jdk1.8.0_72.jdk/Contents/Home/jre/lib/libzip.dylib
0x000000011dd9c000 	/System/Library/Frameworks/JavaVM.framework/Frameworks/JavaRuntimeSupport.framework/JavaRuntimeSupport
0x000000011ddb7000 	/System/Library/Frameworks/JavaVM.framework/Versions/A/Frameworks/JavaNativeFoundation.framework/Versions/A/JavaNativeFoundation
0x000000011ddcc000 	/System/Library/Frameworks/JavaVM.framework/Versions/A/JavaVM
0x00000000095fe000 	/System/Library/Frameworks/Carbon.framework/Versions/A/Carbon
0x000000011ddd9000 	/System/Library/PrivateFrameworks/JavaLaunching.framework/Versions/A/JavaLaunching
0x00000000095fe000 	/System/Library/Frameworks/Carbon.framework/Versions/A/Frameworks/CommonPanels.framework/Versions/A/CommonPanels
0x00000000095fe000 	/System/Library/Frameworks/Carbon.framework/Versions/A/Frameworks/Help.framework/Versions/A/Help
0x00000000095fe000 	/System/Library/Frameworks/Carbon.framework/Versions/A/Frameworks/ImageCapture.framework/Versions/A/ImageCapture
0x00000000095fe000 	/System/Library/Frameworks/Carbon.framework/Versions/A/Frameworks/OpenScripting.framework/Versions/A/OpenScripting
0x00000000095fe000 	/System/Library/Frameworks/Carbon.framework/Versions/A/Frameworks/Print.framework/Versions/A/Print
0x00000000095fe000 	/System/Library/Frameworks/Carbon.framework/Versions/A/Frameworks/SecurityHI.framework/Versions/A/SecurityHI
0x00000001021f9000 	/Library/Java/JavaVirtualMachines/jdk1.8.0_72.jdk/Contents/Home/jre/lib/libdt_socket.dylib
0x000000011f73c000 	/Library/Java/JavaVirtualMachines/jdk1.8.0_72.jdk/Contents/Home/jre/lib/libnet.dylib

VM Arguments:
jvm_args: -agentlib:jdwp=transport=dt_socket,address=127.0.0.1:51325,suspend=y,server=n -ea -Duser.timezone=Asia/Katmandu -Xss8192k -Dfile.encoding=UTF-8 -Dsun.jnu.encoding=UTF-8 -Djava.awt.headless=true -Djava.util.logging.SimpleFormatter.format=%1$tY-%1$tm-%1$td %1$tH:%1$tM:%1$tS %4$s %5$s%6$s%n -Didea.testng.sm_runner 
java_command: org.testng.RemoteTestNGStarter @name0 -port 51323 -usedefaultlisteners false -socket51324 @w@/private/var/folders/62/_41d67fs77v3wxvt81xs6gqm0000gn/T/idea_working_dirs_testng0.tmp -temp /private/var/folders/62/_41d67fs77v3wxvt81xs6gqm0000gn/T/idea_testng0.tmp
java_class_path (initial): /Applications/IntelliJ IDEA 15 CE.app/Contents/lib/idea_rt.jar:/Applications/IntelliJ IDEA 15 CE.app/Contents/plugins/testng/lib/testng-plugin.jar:/Library/Java/JavaVirtualMachines/jdk1.8.0_72.jdk/Contents/Home/jre/lib/charsets.jar:/Library/Java/JavaVirtualMachines/jdk1.8.0_72.jdk/Contents/Home/jre/lib/deploy.jar:/Library/Java/JavaVirtualMachines/jdk1.8.0_72.jdk/Contents/Home/jre/lib/ext/cldrdata.jar:/Library/Java/JavaVirtualMachines/jdk1.8.0_72.jdk/Contents/Home/jre/lib/ext/dnsns.jar:/Library/Java/JavaVirtualMachines/jdk1.8.0_72.jdk/Contents/Home/jre/lib/ext/jaccess.jar:/Library/Java/JavaVirtualMachines/jdk1.8.0_72.jdk/Contents/Home/jre/lib/ext/jfxrt.jar:/Library/Java/JavaVirtualMachines/jdk1.8.0_72.jdk/Contents/Home/jre/lib/ext/localedata.jar:/Library/Java/JavaVirtualMachines/jdk1.8.0_72.jdk/Contents/Home/jre/lib/ext/nashorn.jar:/Library/Java/JavaVirtualMachines/jdk1.8.0_72.jdk/Contents/Home/jre/lib/ext/sunec.jar:/Library/Java/JavaVirtualMachines/jdk1.8.0_72.jdk/Contents/Home/jre/lib/ext/sunjce_provider.jar:/Library/Java/JavaVirtualMachines/jdk1.8.0_72.jdk/Contents/Home/jre/lib/ext/sunpkcs11.jar:/Library/Java/JavaVirtualMachines/jdk1.8.0_72.jdk/Contents/Home/jre/lib/ext/zipfs.jar:/Library/Java/JavaVirtualMachines/jdk1.8.0_72.jdk/Contents/Home/jre/lib/javaws.jar:/Library/Java/JavaVirtualMachines/jdk1.8.0_72.jdk/Contents/Home/jre/lib/jce.jar:/Library/Java/JavaVirtualMachines/jdk1.8.0_72.jdk/Contents/Home/jre/lib/jfr.jar:/Library/Java/JavaVirtualMachines/jdk1.8.0_72.jdk/Contents/Home/jre/lib/jfxswt.jar:/Library/Java/JavaVirtualMachines/jdk1.8.0_72.jdk/Contents/Home/jre/lib/jsse.jar:/Library/Java/JavaVirtualMachines/jdk1.8.0_72.jdk/Contents/Home/jre/lib/management-agent.jar:/Library/Java/JavaVirtualMachines/jdk1.8.0_72.jdk/Contents/Home/jre/lib/plugin.jar:/Library/Java/JavaVirtualMachines/jdk1.8.0_72.jdk/Contents/Home/jre/lib/resources.jar:/Library/Java/JavaVirtualMachines/jdk1.8.0_72.jdk/Contents/Home/jre/lib/rt.jar:/Library/Java/JavaVirt
Launcher Type: SUN_STANDARD

Environment Variables:
PATH=/Users/losipiuk/gradle/gradle-1.6/bin:/Users/losipiuk/maven/3.2.3/bin:/Users/losipiuk/hadapt_bin:/Users/losipiuk/workspace/virtualenvs/td/bin:/home/losipiuk/bin:/Users/losipiuk/.jenv/shims:/usr/local/bin:/usr/bin:/bin:/usr/sbin:/sbin:/opt/X11/bin:/Users/losipiuk/dotfiles_bin
SHELL=/usr/local/bin/bash
DISPLAY=/private/tmp/com.apple.launchd.ZT2l6hGBaP/org.macosforge.xquartz:0

Signal Handlers:
SIGSEGV: [libjvm.dylib+0x5a6855], sa_mask[0]=11111111011111110111111111111111, sa_flags=SA_ONSTACK|SA_RESTART|SA_SIGINFO
SIGBUS: [libjvm.dylib+0x5a6855], sa_mask[0]=11111111011111110111111111111111, sa_flags=SA_RESTART|SA_SIGINFO
SIGFPE: [libjvm.dylib+0x4804ec], sa_mask[0]=11111111011111110111111111111111, sa_flags=SA_RESTART|SA_SIGINFO
SIGPIPE: [libjvm.dylib+0x4804ec], sa_mask[0]=11111111011111110111111111111111, sa_flags=SA_RESTART|SA_SIGINFO
SIGXFSZ: [libjvm.dylib+0x4804ec], sa_mask[0]=11111111011111110111111111111111, sa_flags=SA_RESTART|SA_SIGINFO
SIGILL: [libjvm.dylib+0x4804ec], sa_mask[0]=11111111011111110111111111111111, sa_flags=SA_RESTART|SA_SIGINFO
SIGUSR1: SIG_DFL, sa_mask[0]=00000000000000000000000000000000, sa_flags=none
SIGUSR2: [libjvm.dylib+0x48000a], sa_mask[0]=00100000000000000000000000000000, sa_flags=SA_RESTART|SA_SIGINFO
SIGHUP: [libjvm.dylib+0x47e5e1], sa_mask[0]=11111111011111110111111111111111, sa_flags=SA_RESTART|SA_SIGINFO
SIGINT: [libjvm.dylib+0x47e5e1], sa_mask[0]=11111111011111110111111111111111, sa_flags=SA_RESTART|SA_SIGINFO
SIGTERM: [libjvm.dylib+0x47e5e1], sa_mask[0]=11111111011111110111111111111111, sa_flags=SA_RESTART|SA_SIGINFO
SIGQUIT: [libjvm.dylib+0x47e5e1], sa_mask[0]=11111111011111110111111111111111, sa_flags=SA_RESTART|SA_SIGINFO


---------------  S Y S T E M  ---------------

OS:Bsduname:Darwin 15.0.0 Darwin Kernel Version 15.0.0: Sat Sep 19 15:53:46 PDT 2015; root:xnu-3247.10.11~1/RELEASE_X86_64 x86_64
rlimit: STACK 8192k, CORE 0k, NPROC 709, NOFILE 10240, AS infinity
load average:2.81 2.46 2.26

CPU:total 4 (2 cores per cpu, 2 threads per core) family 6 model 61 stepping 4, cmov, cx8, fxsr, mmx, sse, sse2, sse3, ssse3, sse4.1, sse4.2, popcnt, avx, avx2, aes, clmul, erms, 3dnowpref, lzcnt, ht, tsc, tscinvbit, bmi1, bmi2, adx

Memory: 4k page, physical 16777216k(3402144k free)

/proc/meminfo:


vm_info: Java HotSpot(TM) 64-Bit Server VM (25.72-b15) for bsd-amd64 JRE (1.8.0_72-b15), built on Dec 22 2015 15:43:34 by "java_re" with gcc 4.2.1 (Based on Apple Inc. build 5658) (LLVM build 2336.11.00)

time: Sun Mar  6 21:42:31 2016
elapsed time: 213 seconds (0d 0h 3m 33s)

